  lastTry.cpp
C:\Program Files\Microsoft Visual Studio\2022\Preview\VC\Tools\MSVC\14.41.34117\include\xmemory(700,103): warning C4244: 'argument': conversion from 'const int' to 'float', possible loss of data
  (compiling source file 'lastTry.cpp')
      C:\Program Files\Microsoft Visual Studio\2022\Preview\VC\Tools\MSVC\14.41.34117\include\xmemory(700,103):
      the template instantiation context (the oldest one first) is
          C:\Users\ADMIN\source\repos\lastTry\lastTry\lastTry.cpp(74,17):
          see reference to function template instantiation 'void std::vector<Enemy,std::allocator<Enemy>>::emplace_back<int,const int&>(int &&,const int &)' being compiled
          C:\Program Files\Microsoft Visual Studio\2022\Preview\VC\Tools\MSVC\14.41.34117\include\vector(858,24):
          see reference to function template instantiation '_Ty &std::vector<_Ty,std::allocator<_Ty>>::_Emplace_one_at_back<int,const int&>(int &&,const int &)' being compiled
          with
          [
              _Ty=Enemy
          ]
          C:\Program Files\Microsoft Visual Studio\2022\Preview\VC\Tools\MSVC\14.41.34117\include\vector(776,20):
          see reference to function template instantiation '_Ty &std::vector<_Ty,std::allocator<_Ty>>::_Emplace_back_with_unused_capacity<int,const int&>(int &&,const int &)' being compiled
          with
          [
              _Ty=Enemy
          ]
          C:\Program Files\Microsoft Visual Studio\2022\Preview\VC\Tools\MSVC\14.41.34117\include\vector(794,27):
          see reference to function template instantiation 'void std::_Default_allocator_traits<_Alloc>::construct<_Ty,int,const int&>(_Alloc &,_Objty *const ,int &&,const int &)' being compiled
          with
          [
              _Alloc=std::allocator<Enemy>,
              _Ty=Enemy,
              _Objty=Enemy
          ]
  
C:\Program Files\Microsoft Visual Studio\2022\Preview\VC\Tools\MSVC\14.41.34117\include\xmemory(700,103): warning C4244: 'argument': conversion from '_Ty' to 'float', possible loss of data
C:\Program Files\Microsoft Visual Studio\2022\Preview\VC\Tools\MSVC\14.41.34117\include\xmemory(700,103): warning C4244:         with
C:\Program Files\Microsoft Visual Studio\2022\Preview\VC\Tools\MSVC\14.41.34117\include\xmemory(700,103): warning C4244:         [
C:\Program Files\Microsoft Visual Studio\2022\Preview\VC\Tools\MSVC\14.41.34117\include\xmemory(700,103): warning C4244:             _Ty=int
C:\Program Files\Microsoft Visual Studio\2022\Preview\VC\Tools\MSVC\14.41.34117\include\xmemory(700,103): warning C4244:         ]
  (compiling source file 'lastTry.cpp')
  
  lastTry.vcxproj -> C:\Users\ADMIN\source\repos\lastTry\lastTry\x64\Debug\lastTry.exe
